CREATE USER SA PASSWORD "" ADMIN
/*C1*/SET SCHEMA PUBLIC
CONNECT USER SA
CREATE TABLE UserProfileTabel ( UserName VARCHAR(256), URLsUpdated DATE )
CREATE TABLE UserTable ( UserID INTEGER, UserName VARCHAR(256), SetsUpdated DATE)
CREATE TABLE URLTabel ( URLID INTEGER, URL VARCHAR(1000), UsersPageURL VARCHAR(1000), SavedByHowManyUsers INTEGER)
CREATE TABLE URLUsersTabel ( URLID INTEGER, UserID INTEGER )
CREATE TABLE URLSetsTabel (SetID INTEGER, Label VARCHAR(256),  UserCount INTEGER)
CREATE TABLE URLsForSets (SetID INTEGER, URLID INTEGER, UrlCount INTEGER)
CREATE TABLE UsersForSets (SetID INTEGER, UserID INTEGER, UserCount INTEGER)
DISCONNECT
/*C2*/SET SCHEMA PUBLIC
CONNECT USER SA
DISCONNECT
/*C3*/SET SCHEMA PUBLIC
CONNECT USER SA
DISCONNECT
/*C4*/SET SCHEMA PUBLIC
CONNECT USER SA
DISCONNECT
/*C5*/SET SCHEMA PUBLIC
CONNECT USER SA
DISCONNECT
/*C6*/SET SCHEMA PUBLIC
CONNECT USER SA
DISCONNECT
/*C7*/SET SCHEMA PUBLIC
CONNECT USER SA
DISCONNECT
/*C8*/SET SCHEMA PUBLIC
CONNECT USER SA
DISCONNECT
